Using pre-set license
Built from '2020.3/staging' branch; Version is '2020.3.14f1 (d0d1bb862f9d) revision 13685179'; Using compiler version '192528614'; Build Type 'Release'
OS: 'Windows 10 Pro; OS build 19041.630; Version 2004; 64bit' Language: 'ko' Physical Memory: 65488 MB
BatchMode: 1, IsHumanControllingUs: 0, StartBugReporterOnCrash: 0, Is64bit: 1, IsPro: 0

 COMMAND LINE ARGUMENTS:
C:\Program Files\Unity\Hub\Editor\2020.3.14f1\Editor\Unity.exe
-adb2
-batchMode
-noUpm
-name
AssetImportWorker0
-projectPath
D:/06_RnD_Unity/UnityRoyale/UnityRoyale
-logFile
Logs/AssetImportWorker0.log
-srvPort
56150
Successfully changed project path to: D:/06_RnD_Unity/UnityRoyale/UnityRoyale
D:/06_RnD_Unity/UnityRoyale/UnityRoyale
Using Asset Import Pipeline V2.
Refreshing native plugins compatible for Editor in 43.43 ms, found 0 plugins.
Preloading 0 native plugins for Editor in 0.00 ms.
Initialize engine version: 2020.3.14f1 (d0d1bb862f9d)
[Subsystems] Discovering subsystems at path C:/Program Files/Unity/Hub/Editor/2020.3.14f1/Editor/Data/Resources/UnitySubsystems
[Subsystems] Discovering subsystems at path D:/06_RnD_Unity/UnityRoyale/UnityRoyale/Assets
GfxDevice: creating device client; threaded=0
Direct3D:
    Version:  Direct3D 11.0 [level 11.1]
    Renderer: NVIDIA GeForce RTX 2070 SUPER (ID=0x1e84)
    Vendor:   
    VRAM:     8011 MB
    Driver:   27.21.14.5671
Shader 'Universal Render Pipeline/Particles/Lit': fallback shader 'Universal Render Pipeline/Particles/SimpleLit' not found
Initialize mono
Mono path[0] = 'C:/Program Files/Unity/Hub/Editor/2020.3.14f1/Editor/Data/Managed'
Mono path[1] = 'C:/Program Files/Unity/Hub/Editor/2020.3.14f1/Editor/Data/MonoBleedingEdge/lib/mono/unityjit'
Mono config path = 'C:/Program Files/Unity/Hub/Editor/2020.3.14f1/Editor/Data/MonoBleedingEdge/etc'
Using monoOptions --debugger-agent=transport=dt_socket,embedding=1,server=y,suspend=n,address=127.0.0.1:56244
Begin MonoManager ReloadAssembly
Registering precompiled unity dll's ...
Register platform support module: C:/Program Files/Unity/Hub/Editor/2020.3.14f1/Editor/Data/PlaybackEngines/WindowsStandaloneSupport/UnityEditor.WindowsStandalone.Extensions.dll
Registered in 0.002272 seconds.
Native extension for WindowsStandalone target not found
Refreshing native plugins compatible for Editor in 44.63 ms, found 0 plugins.
Preloading 0 native plugins for Editor in 0.00 ms.
Mono: successfully reloaded assembly
- Completed reload, in  2.090 seconds
Domain Reload Profiling:
	ReloadAssembly (2090ms)
		BeginReloadAssembly (52ms)
			ExecutionOrderSort (0ms)
			DisableScriptedObjects (0ms)
			BackupInstance (0ms)
			ReleaseScriptingObjects (0ms)
			CreateAndSetChildDomain (1ms)
		EndReloadAssembly (339ms)
			LoadAssemblies (49ms)
			RebuildTransferFunctionScriptingTraits (0ms)
			SetupTypeCache (118ms)
			ReleaseScriptCaches (0ms)
			RebuildScriptCaches (21ms)
			SetupLoadedEditorAssemblies (138ms)
				LogAssemblyErrors (0ms)
				InitializePlatformSupportModulesInManaged (3ms)
				SetLoadedEditorAssemblies (0ms)
				RefreshPlugins (45ms)
				BeforeProcessingInitializeOnLoad (8ms)
				ProcessInitializeOnLoadAttributes (60ms)
				ProcessInitializeOnLoadMethodAttributes (21ms)
				AfterProcessingInitializeOnLoad (0ms)
				EditorAssembliesLoaded (0ms)
			ExecutionOrderSort2 (0ms)
			AwakeInstancesAfterBackupRestoration (0ms)
Platform modules already initialized, skipping
Registering precompiled user dll's ...
Registered in 0.001582 seconds.
Begin MonoManager ReloadAssembly
Native extension for WindowsStandalone target not found
Refreshing native plugins compatible for Editor in 45.56 ms, found 0 plugins.
Preloading 0 native plugins for Editor in 0.00 ms.
Mono: successfully reloaded assembly
- Completed reload, in  1.411 seconds
Domain Reload Profiling:
	ReloadAssembly (1412ms)
		BeginReloadAssembly (129ms)
			ExecutionOrderSort (0ms)
			DisableScriptedObjects (3ms)
			BackupInstance (0ms)
			ReleaseScriptingObjects (0ms)
			CreateAndSetChildDomain (16ms)
		EndReloadAssembly (1227ms)
			LoadAssemblies (81ms)
			RebuildTransferFunctionScriptingTraits (0ms)
			SetupTypeCache (200ms)
			ReleaseScriptCaches (1ms)
			RebuildScriptCaches (45ms)
			SetupLoadedEditorAssemblies (808ms)
				LogAssemblyErrors (0ms)
				InitializePlatformSupportModulesInManaged (3ms)
				SetLoadedEditorAssemblies (0ms)
				RefreshPlugins (46ms)
				BeforeProcessingInitializeOnLoad (80ms)
				ProcessInitializeOnLoadAttributes (86ms)
				ProcessInitializeOnLoadMethodAttributes (585ms)
				AfterProcessingInitializeOnLoad (8ms)
				EditorAssembliesLoaded (0ms)
			ExecutionOrderSort2 (0ms)
			AwakeInstancesAfterBackupRestoration (5ms)
Platform modules already initialized, skipping
========================================================================
Worker process is ready to serve import requests
Shader 'Universal Render Pipeline/Particles/Lit': fallback shader 'Universal Render Pipeline/Particles/SimpleLit' not found
Launched and connected shader compiler UnityShaderCompiler.exe after 0.05 seconds
Refreshing native plugins compatible for Editor in 0.53 ms, found 0 plugins.
Preloading 0 native plugins for Editor in 0.00 ms.
Unloading 3014 Unused Serialized files (Serialized files now loaded: 0)
System memory in use before: 137.6 MB.
System memory in use after: 137.8 MB.

Unloading 17 unused Assets to reduce memory usage. Loaded Objects now: 3751.
Total: 2.317800 ms (FindLiveObjects: 0.353900 ms CreateObjectMapping: 0.078900 ms MarkObjects: 1.811200 ms  DeleteObjects: 0.073100 ms)

AssetImportParameters requested are different than current active one (requested -> active):
  custom:framework-win-MediaFoundation: 216162199b28c13a410421893ffa2e32 -> 
  custom:video-decoder-ogg-theora: a1e56fd34408186e4bbccfd4996cb3dc -> 
  custom:container-muxer-webm: aa71ff27fc2769a1b78a27578f13a17b -> 
  custom:container-demuxer-webm: 4f35f7cbe854078d1ac9338744f61a02 -> 
  custom:container-demuxer-ogg: 62fdf1f143b41e24485cea50d1cbac27 -> 
  custom:video-encoder-webm-vp8: eb34c28f22e8b96e1ab97ce403110664 -> 
  custom:video-decoder-webm-vp8: 9c59270c3fd7afecdb556c50c9e8de78 -> 
  custom:audio-decoder-ogg-vorbis: bf7c407c2cedff20999df2af8eb42d56 -> 
  custom:audio-encoder-webm-vorbis: bf7c407c2cedff20999df2af8eb42d56 -> 
========================================================================
Received Import Request.
  path: Assets/Generic Assets/Floor.FBX
  artifactKey: Guid(0f6667adc9673c64eb7753dbd5fb9046) Importer(815301076,1909f56bfc062723c751e8b465ee728b)
Start importing Assets/Generic Assets/Floor.FBX using Guid(0f6667adc9673c64eb7753dbd5fb9046) Importer(815301076,1909f56bfc062723c751e8b465ee728b)  -> (artifact id: '1c4bc66f26ef4bdf396d7cacb3d99f7e') in 0.456060 seconds 
  Import took 0.467404 seconds .

========================================================================
Received Import Request.
  Time since last request: 0.000257 seconds.
  path: Assets/Generic Assets/GridBox_NewTex_Albedo.tga
  artifactKey: Guid(21e78e730e36b7c4a9c9d18b20e00ee7) Importer(815301076,1909f56bfc062723c751e8b465ee728b)
Start importing Assets/Generic Assets/GridBox_NewTex_Albedo.tga using Guid(21e78e730e36b7c4a9c9d18b20e00ee7) Importer(815301076,1909f56bfc062723c751e8b465ee728b)  -> (artifact id: '1d1c1d2a60533760383e076700115668') in 0.024471 seconds 
  Import took 0.029534 seconds .

========================================================================
Received Import Request.
  Time since last request: 0.000255 seconds.
  path: Assets/Generic Assets/Grid_Orange_Mat.mat
  artifactKey: Guid(6762446faced72948a24da74c88e6726) Importer(815301076,1909f56bfc062723c751e8b465ee728b)
Start importing Assets/Generic Assets/Grid_Orange_Mat.mat using Guid(6762446faced72948a24da74c88e6726) Importer(815301076,1909f56bfc062723c751e8b465ee728b)  -> (artifact id: '2eba73e7f4f5c6e527ee92ebe0ddc571') in 0.033685 seconds 
  Import took 0.038466 seconds .

========================================================================
Received Import Request.
  Time since last request: 0.000246 seconds.
  path: Assets/Generic Assets/Grid_Grey_Mat.mat
  artifactKey: Guid(0a9bbba7301686f4592436278dd76be3) Importer(815301076,1909f56bfc062723c751e8b465ee728b)
Start importing Assets/Generic Assets/Grid_Grey_Mat.mat using Guid(0a9bbba7301686f4592436278dd76be3) Importer(815301076,1909f56bfc062723c751e8b465ee728b)  -> (artifact id: '9fcebd9cc54514f80abf4bf5827e2c4e') in 0.012716 seconds 
  Import took 0.017353 seconds .

========================================================================
Received Import Request.
  Time since last request: 0.000238 seconds.
  path: Assets/Generic Assets/Black_Mat.mat
  artifactKey: Guid(df0c4539d8bd73447b383c0725663042) Importer(815301076,1909f56bfc062723c751e8b465ee728b)
Start importing Assets/Generic Assets/Black_Mat.mat using Guid(df0c4539d8bd73447b383c0725663042) Importer(815301076,1909f56bfc062723c751e8b465ee728b)  -> (artifact id: 'd6c4fbc620c24ed902dc61b4140fe07d') in 0.013119 seconds 
  Import took 0.017342 seconds .

========================================================================
Received Import Request.
  Time since last request: 0.000238 seconds.
  path: Assets/Generic Assets/Grid_Blue_Mat.mat
  artifactKey: Guid(2743f2fd9863d694d9b6b143558c8ce3) Importer(815301076,1909f56bfc062723c751e8b465ee728b)
Start importing Assets/Generic Assets/Grid_Blue_Mat.mat using Guid(2743f2fd9863d694d9b6b143558c8ce3) Importer(815301076,1909f56bfc062723c751e8b465ee728b)  -> (artifact id: 'e3ca5980a3a9d11785f11b48482d61ae') in 0.018695 seconds 
  Import took 0.023861 seconds .

========================================================================
Received Import Request.
  Time since last request: 4.847672 seconds.
  path: Assets/Particles/Prefabs
  artifactKey: Guid(161c77c1b8666416b8d9f931a5bc926a) Importer(815301076,1909f56bfc062723c751e8b465ee728b)
Start importing Assets/Particles/Prefabs using Guid(161c77c1b8666416b8d9f931a5bc926a) Importer(815301076,1909f56bfc062723c751e8b465ee728b)  -> (artifact id: 'b4ee784148a475baa6b3c8d4fbb22b8c') in 0.006519 seconds 
  Import took 0.011236 seconds .

========================================================================
Received Import Request.
  Time since last request: 0.065269 seconds.
  path: Assets/Particles/Prefabs/AppearSmoke.prefab
  artifactKey: Guid(edc0a065124ca4fdcabc3029287c77d4) Importer(815301076,1909f56bfc062723c751e8b465ee728b)
Start importing Assets/Particles/Prefabs/AppearSmoke.prefab using Guid(edc0a065124ca4fdcabc3029287c77d4) Importer(815301076,1909f56bfc062723c751e8b465ee728b)  -> (artifact id: 'f24c352f5bfaefc587012cffe724048a') in 0.052635 seconds 
  Import took 0.057610 seconds .

========================================================================
Received Import Request.
  Time since last request: 16.998715 seconds.
  path: Assets/Props/ENVProps/Textures/TEX_ENVProps1_D.tif
  artifactKey: Guid(39cda7c360bbe5c49b7398e359fd96d4) Importer(815301076,1909f56bfc062723c751e8b465ee728b)
Start importing Assets/Props/ENVProps/Textures/TEX_ENVProps1_D.tif using Guid(39cda7c360bbe5c49b7398e359fd96d4) Importer(815301076,1909f56bfc062723c751e8b465ee728b)  -> (artifact id: 'edefd34bc925d2091b1ce0a215be59c0') in 0.018811 seconds 
  Import took 0.023718 seconds .

========================================================================
Received Import Request.
  Time since last request: 0.000284 seconds.
  path: Assets/Props/ENVProps/Textures/TEX_ENVProps2_N.tif
  artifactKey: Guid(f096b7d7a36de14469cb8497767ee83a) Importer(815301076,1909f56bfc062723c751e8b465ee728b)
Start importing Assets/Props/ENVProps/Textures/TEX_ENVProps2_N.tif using Guid(f096b7d7a36de14469cb8497767ee83a) Importer(815301076,1909f56bfc062723c751e8b465ee728b)  -> (artifact id: 'b6546beffb9486c9ae3f965c13234748') in 0.015159 seconds 
  Import took 0.019901 seconds .

========================================================================
Received Import Request.
  Time since last request: 0.000199 seconds.
  path: Assets/Props/ENVProps/Textures/TEX_ENVProps1_N.tif
  artifactKey: Guid(64ff4cb8a886c0741bc805b13d6a7f8b) Importer(815301076,1909f56bfc062723c751e8b465ee728b)
Start importing Assets/Props/ENVProps/Textures/TEX_ENVProps1_N.tif using Guid(64ff4cb8a886c0741bc805b13d6a7f8b) Importer(815301076,1909f56bfc062723c751e8b465ee728b)  -> (artifact id: 'f0ad86873b40fe30ba2eb2422d08983a') in 0.012388 seconds 
  Import took 0.017215 seconds .

========================================================================
Received Import Request.
  Time since last request: 0.000244 seconds.
  path: Assets/Props/ENVProps/Textures/TEX_ENVProps2_D.tif
  artifactKey: Guid(942b56444a9f9c84ea4934bb9b8457ba) Importer(815301076,1909f56bfc062723c751e8b465ee728b)
Start importing Assets/Props/ENVProps/Textures/TEX_ENVProps2_D.tif using Guid(942b56444a9f9c84ea4934bb9b8457ba) Importer(815301076,1909f56bfc062723c751e8b465ee728b)  -> (artifact id: '9d2507fb2d8bbb3a66e7068efec8ee53') in 0.012259 seconds 
  Import took 0.016784 seconds .

========================================================================
Received Import Request.
  Time since last request: 0.000223 seconds.
  path: Assets/Props/ENVProps/Textures/TEX_ENVProps2_M.tif
  artifactKey: Guid(aa147d123bf64ad4cafd64793c3e2c10) Importer(815301076,1909f56bfc062723c751e8b465ee728b)
Start importing Assets/Props/ENVProps/Textures/TEX_ENVProps2_M.tif using Guid(aa147d123bf64ad4cafd64793c3e2c10) Importer(815301076,1909f56bfc062723c751e8b465ee728b)  -> (artifact id: 'd88e9d8fe0ae775822b09a674e180b84') in 0.011490 seconds 
  Import took 0.015791 seconds .

========================================================================
Received Import Request.
  Time since last request: 0.000207 seconds.
  path: Assets/Props/ENVProps/Textures/TEX_ENVProps1_M.tif
  artifactKey: Guid(199a0299de7895c42a50a1ea0f528263) Importer(815301076,1909f56bfc062723c751e8b465ee728b)
Start importing Assets/Props/ENVProps/Textures/TEX_ENVProps1_M.tif using Guid(199a0299de7895c42a50a1ea0f528263) Importer(815301076,1909f56bfc062723c751e8b465ee728b)  -> (artifact id: '07346b3bb9fa7794b63b05289a16cecf') in 0.012136 seconds 
  Import took 0.016231 seconds .

========================================================================
Received Import Request.
  Time since last request: 0.000242 seconds.
  path: Assets/Props/ENVProps/Textures/TEX_ENVTrees_D.tif
  artifactKey: Guid(113c166ec8f4f95489965d9da293d67c) Importer(815301076,1909f56bfc062723c751e8b465ee728b)
Start importing Assets/Props/ENVProps/Textures/TEX_ENVTrees_D.tif using Guid(113c166ec8f4f95489965d9da293d67c) Importer(815301076,1909f56bfc062723c751e8b465ee728b)  -> (artifact id: '7ef1a4c029d52336a4bdee48672ab46e') in 0.011531 seconds 
  Import took 0.028271 seconds .

========================================================================
Received Import Request.
  Time since last request: 0.000204 seconds.
  path: Assets/Props/ENVProps/Textures/TEX_ENVTrees_M.tif
  artifactKey: Guid(7422c2f4d4de8a043869fd8c08d39e0f) Importer(815301076,1909f56bfc062723c751e8b465ee728b)
Start importing Assets/Props/ENVProps/Textures/TEX_ENVTrees_M.tif using Guid(7422c2f4d4de8a043869fd8c08d39e0f) Importer(815301076,1909f56bfc062723c751e8b465ee728b)  -> (artifact id: 'c7e9eafaae9cfb2bd67d6585bef94116') in 0.010568 seconds 
  Import took 0.014907 seconds .

========================================================================
Received Import Request.
  Time since last request: 0.000233 seconds.
  path: Assets/Props/ENVProps/Textures/TEX_ENVTrees_N.tif
  artifactKey: Guid(9c3d2b0ed825a5d46a1754d608db5346) Importer(815301076,1909f56bfc062723c751e8b465ee728b)
Start importing Assets/Props/ENVProps/Textures/TEX_ENVTrees_N.tif using Guid(9c3d2b0ed825a5d46a1754d608db5346) Importer(815301076,1909f56bfc062723c751e8b465ee728b)  -> (artifact id: 'd687381d61806f5e2dc9b8b25688252e') in 0.015174 seconds 
  Import took 0.019377 seconds .

========================================================================
Received Import Request.
  Time since last request: 7.174584 seconds.
  path: Assets/Props/ENVProps/Model/MOD_ENVProps.fbx
  artifactKey: Guid(e2bf2f7c5c305ab458de633377353e9e) Importer(815301076,1909f56bfc062723c751e8b465ee728b)
Start importing Assets/Props/ENVProps/Model/MOD_ENVProps.fbx using Guid(e2bf2f7c5c305ab458de633377353e9e) Importer(815301076,1909f56bfc062723c751e8b465ee728b)  -> (artifact id: '33179fad8ec3ef8e7c054448e3e567b1') in 0.166335 seconds 
  Import took 0.171485 seconds .

========================================================================
Received Import Request.
  Time since last request: 834.030840 seconds.
  path: Assets/Scenes/Main
  artifactKey: Guid(74daa2c160b884b6aabb603effc5dd64) Importer(815301076,1909f56bfc062723c751e8b465ee728b)
Start importing Assets/Scenes/Main using Guid(74daa2c160b884b6aabb603effc5dd64) Importer(815301076,1909f56bfc062723c751e8b465ee728b)  -> (artifact id: '4ec787ca5e00ae19a18653848dd22e4d') in 0.005955 seconds 
  Import took 0.011675 seconds .

========================================================================
Received Import Request.
  Time since last request: 0.000571 seconds.
  path: Assets/Scenes/Main
  artifactKey: Guid(74daa2c160b884b6aabb603effc5dd64) Importer(815301076,1909f56bfc062723c751e8b465ee728b)
Start importing Assets/Scenes/Main using Guid(74daa2c160b884b6aabb603effc5dd64) Importer(815301076,1909f56bfc062723c751e8b465ee728b)  -> (artifact id: '4ec787ca5e00ae19a18653848dd22e4d') in 0.002288 seconds 
  Import took 0.009783 seconds .

========================================================================
Received Import Request.
  Time since last request: 0.033749 seconds.
  path: Assets/Scenes/Main/LightingData.asset
  artifactKey: Guid(38b5ff64df1464cbf9f421864b79e723) Importer(815301076,1909f56bfc062723c751e8b465ee728b)
Start importing Assets/Scenes/Main/LightingData.asset using Guid(38b5ff64df1464cbf9f421864b79e723) Importer(815301076,1909f56bfc062723c751e8b465ee728b)  -> (artifact id: '2008f682eb63ac6dfdacf4132d98b9c8') in 0.009299 seconds 
  Import took 0.014422 seconds .

========================================================================
Received Import Request.
  Time since last request: 0.000254 seconds.
  path: Assets/Scenes/Main/Lightmap-1_comp_light.exr
  artifactKey: Guid(a886ccb37dfdb4d9bb8b8016e339f0e4) Importer(815301076,1909f56bfc062723c751e8b465ee728b)
Start importing Assets/Scenes/Main/Lightmap-1_comp_light.exr using Guid(a886ccb37dfdb4d9bb8b8016e339f0e4) Importer(815301076,1909f56bfc062723c751e8b465ee728b)  -> (artifact id: '0a5f813656913709e4d7128b9276e1c1') in 0.040882 seconds 
  Import took 0.046217 seconds .

========================================================================
Received Import Request.
  Time since last request: 0.000270 seconds.
  path: Assets/Scenes/Main/OcclusionCullingData.asset
  artifactKey: Guid(d48779bc518ac4c2c8f73fe1c8043c36) Importer(815301076,1909f56bfc062723c751e8b465ee728b)
Start importing Assets/Scenes/Main/OcclusionCullingData.asset using Guid(d48779bc518ac4c2c8f73fe1c8043c36) Importer(815301076,1909f56bfc062723c751e8b465ee728b)  -> (artifact id: '2378a5f16d40c0b18f0ad20e6310b8d2') in 0.029706 seconds 
  Import took 0.036286 seconds .

========================================================================
Received Import Request.
  Time since last request: 0.000259 seconds.
  path: Assets/Scenes/Main/Lightmap-5_comp_dir.png
  artifactKey: Guid(255ff9e96b67440f2b4fa5e3627bb0b3) Importer(815301076,1909f56bfc062723c751e8b465ee728b)
Start importing Assets/Scenes/Main/Lightmap-5_comp_dir.png using Guid(255ff9e96b67440f2b4fa5e3627bb0b3) Importer(815301076,1909f56bfc062723c751e8b465ee728b)  -> (artifact id: '7378349a7f9ee9a232e5acb3366ceafd') in 0.044985 seconds 
  Import took 0.063447 seconds .

========================================================================
Received Import Request.
  Time since last request: 0.000242 seconds.
  path: Assets/Scenes/Main/Lightmap-3_comp_light.exr
  artifactKey: Guid(e733ea859f6304c688ce0a6615d2d7cb) Importer(815301076,1909f56bfc062723c751e8b465ee728b)
Start importing Assets/Scenes/Main/Lightmap-3_comp_light.exr using Guid(e733ea859f6304c688ce0a6615d2d7cb) Importer(815301076,1909f56bfc062723c751e8b465ee728b)  -> (artifact id: '5ffaf250fc9db0e2fc32caf58cdd0f16') in 0.043422 seconds 
  Import took 0.048777 seconds .

========================================================================
Received Import Request.
  Time since last request: 0.000375 seconds.
  path: Assets/Scenes/Main/Lightmap-4_comp_dir.png
  artifactKey: Guid(b6cd0a2bfa68646a98d030ebc2421a6d) Importer(815301076,1909f56bfc062723c751e8b465ee728b)
Start importing Assets/Scenes/Main/Lightmap-4_comp_dir.png using Guid(b6cd0a2bfa68646a98d030ebc2421a6d) Importer(815301076,1909f56bfc062723c751e8b465ee728b)  -> (artifact id: '6953972500a5ffc9442d05785c33423e') in 0.031342 seconds 
  Import took 0.037358 seconds .

========================================================================
Received Import Request.
  Time since last request: 0.000241 seconds.
  path: Assets/Scenes/Main/Lightmap-2_comp_light.exr
  artifactKey: Guid(3f83a9470f59f4c31b46a8041044e06a) Importer(815301076,1909f56bfc062723c751e8b465ee728b)
Start importing Assets/Scenes/Main/Lightmap-2_comp_light.exr using Guid(3f83a9470f59f4c31b46a8041044e06a) Importer(815301076,1909f56bfc062723c751e8b465ee728b)  -> (artifact id: '272b2fcb7728643d905b90611c0a6dbb') in 0.037047 seconds 
  Import took 0.041415 seconds .

========================================================================
Received Import Request.
  Time since last request: 0.000354 seconds.
  path: Assets/Scenes/Main/Lightmap-1_comp_dir.png
  artifactKey: Guid(fb5d75a8be43a4d94950ed5abd253d5c) Importer(815301076,1909f56bfc062723c751e8b465ee728b)
Start importing Assets/Scenes/Main/Lightmap-1_comp_dir.png using Guid(fb5d75a8be43a4d94950ed5abd253d5c) Importer(815301076,1909f56bfc062723c751e8b465ee728b)  -> (artifact id: 'cdada4a14c22ee3d79fb1363ffaa2408') in 0.011907 seconds 
  Import took 0.018047 seconds .

========================================================================
Received Import Request.
  Time since last request: 0.000304 seconds.
  path: Assets/Scenes/Main/Lightmap-3_comp_dir.png
  artifactKey: Guid(973e0b0b46d484f8ab600a8980cdc5f6) Importer(815301076,1909f56bfc062723c751e8b465ee728b)
Start importing Assets/Scenes/Main/Lightmap-3_comp_dir.png using Guid(973e0b0b46d484f8ab600a8980cdc5f6) Importer(815301076,1909f56bfc062723c751e8b465ee728b)  -> (artifact id: '239249c01f160c78213521807ac84d47') in 0.036908 seconds 
  Import took 0.042241 seconds .

========================================================================
Received Import Request.
  Time since last request: 0.000290 seconds.
  path: Assets/Scenes/Main/ReflectionProbe-1.exr
  artifactKey: Guid(fcc102e54e4c04c638567a86c251a8c0) Importer(815301076,1909f56bfc062723c751e8b465ee728b)
Start importing Assets/Scenes/Main/ReflectionProbe-1.exr using Guid(fcc102e54e4c04c638567a86c251a8c0) Importer(815301076,1909f56bfc062723c751e8b465ee728b)  -> (artifact id: '8587efa3ee3ac1e0a301f317cc5f7260') in 0.030349 seconds 
  Import took 0.035054 seconds .

========================================================================
Received Import Request.
  Time since last request: 0.000263 seconds.
  path: Assets/Scenes/Main/ReflectionProbe-0.exr
  artifactKey: Guid(6d46ddfd38dcb4f339d90e44cbc31ee3) Importer(815301076,1909f56bfc062723c751e8b465ee728b)
Start importing Assets/Scenes/Main/ReflectionProbe-0.exr using Guid(6d46ddfd38dcb4f339d90e44cbc31ee3) Importer(815301076,1909f56bfc062723c751e8b465ee728b)  -> (artifact id: 'f9094e27e16d457ae5eb0473695b1e0d') in 0.013884 seconds 
  Import took 0.018374 seconds .

========================================================================
Received Import Request.
  Time since last request: 0.000326 seconds.
  path: Assets/Scenes/Main/Lightmap-0_comp_dir.png
  artifactKey: Guid(94cca558c6ce64fba96dee1b6d086d94) Importer(815301076,1909f56bfc062723c751e8b465ee728b)
Start importing Assets/Scenes/Main/Lightmap-0_comp_dir.png using Guid(94cca558c6ce64fba96dee1b6d086d94) Importer(815301076,1909f56bfc062723c751e8b465ee728b)  -> (artifact id: '00b3f199c895c407e8b37db769b13023') in 0.025412 seconds 
  Import took 0.031135 seconds .

========================================================================
Received Import Request.
  Time since last request: 0.000311 seconds.
  path: Assets/Scenes/Main/Lightmap-0_comp_light.exr
  artifactKey: Guid(85ae683663f3b45c691a3fca32b6303c) Importer(815301076,1909f56bfc062723c751e8b465ee728b)
Start importing Assets/Scenes/Main/Lightmap-0_comp_light.exr using Guid(85ae683663f3b45c691a3fca32b6303c) Importer(815301076,1909f56bfc062723c751e8b465ee728b)  -> (artifact id: '8873102468fb729968d277a83e08b946') in 0.017023 seconds 
  Import took 0.022275 seconds .

========================================================================
Received Import Request.
  Time since last request: 0.000310 seconds.
  path: Assets/Scenes/Main/NavMesh-NavMesh Surface.asset
  artifactKey: Guid(5aaea6bba3e744fd398775dba720240d) Importer(815301076,1909f56bfc062723c751e8b465ee728b)
Start importing Assets/Scenes/Main/NavMesh-NavMesh Surface.asset using Guid(5aaea6bba3e744fd398775dba720240d) Importer(815301076,1909f56bfc062723c751e8b465ee728b)  -> (artifact id: '9d1719884440dcef643cfb0637da1cc3') in 0.008923 seconds 
  Import took 0.015516 seconds .

========================================================================
Received Import Request.
  Time since last request: 0.003130 seconds.
  path: Assets/Scenes/Main/Lightmap-5_comp_light.exr
  artifactKey: Guid(e998bbd476a224eeeada4778a3d075e2) Importer(815301076,1909f56bfc062723c751e8b465ee728b)
Start importing Assets/Scenes/Main/Lightmap-5_comp_light.exr using Guid(e998bbd476a224eeeada4778a3d075e2) Importer(815301076,1909f56bfc062723c751e8b465ee728b)  -> (artifact id: '8b3133253739118e45cc0c012d2c2974') in 0.033204 seconds 
  Import took 0.039721 seconds .

========================================================================
Received Import Request.
  Time since last request: 0.000224 seconds.
  path: Assets/Scenes/Main/Lightmap-2_comp_dir.png
  artifactKey: Guid(cf60783111f874c9aa05385a23ed6f02) Importer(815301076,1909f56bfc062723c751e8b465ee728b)
Start importing Assets/Scenes/Main/Lightmap-2_comp_dir.png using Guid(cf60783111f874c9aa05385a23ed6f02) Importer(815301076,1909f56bfc062723c751e8b465ee728b)  -> (artifact id: 'ac8b0ae930f8c510746e5c46fcb6155e') in 0.054583 seconds 
  Import took 0.059713 seconds .

========================================================================
Received Import Request.
  Time since last request: 0.000379 seconds.
  path: Assets/Scenes/Main/Lightmap-4_comp_light.exr
  artifactKey: Guid(a3ce4ce1603da436b8291f720f5b5ff8) Importer(815301076,1909f56bfc062723c751e8b465ee728b)
Start importing Assets/Scenes/Main/Lightmap-4_comp_light.exr using Guid(a3ce4ce1603da436b8291f720f5b5ff8) Importer(815301076,1909f56bfc062723c751e8b465ee728b)  -> (artifact id: 'eb628ea99f7c8c424a648c255ce6d31c') in 0.032408 seconds 
  Import took 0.041482 seconds .

========================================================================
Received Import Request.
  Time since last request: 6.140134 seconds.
  path: Assets/Scenes/AssetsShowcases
  artifactKey: Guid(b8a8a1ed005734b168cb7e67683e1ffb) Importer(815301076,1909f56bfc062723c751e8b465ee728b)
Start importing Assets/Scenes/AssetsShowcases using Guid(b8a8a1ed005734b168cb7e67683e1ffb) Importer(815301076,1909f56bfc062723c751e8b465ee728b)  -> (artifact id: '3e91c092e18f5a7446ede15880ae07f0') in 0.005985 seconds 
  Import took 0.011320 seconds .

========================================================================
Received Import Request.
  Time since last request: 0.841048 seconds.
  path: Assets/Scenes/AssetsShowcases/Assets Lineup.unity
  artifactKey: Guid(2d53182cbedb52a428148a3dff290c24) Importer(815301076,1909f56bfc062723c751e8b465ee728b)
Start importing Assets/Scenes/AssetsShowcases/Assets Lineup.unity using Guid(2d53182cbedb52a428148a3dff290c24) Importer(815301076,1909f56bfc062723c751e8b465ee728b)  -> (artifact id: '9d3d43291d7ac708c246ec26cf2fd406') in 0.008958 seconds 
  Import took 0.014854 seconds .

========================================================================
Received Import Request.
  Time since last request: 22.878684 seconds.
  path: Assets/Scenes/AssetsShowcases/Character Animations.unity
  artifactKey: Guid(b8c7974e5a94ade4386efe06e1cc6233) Importer(815301076,1909f56bfc062723c751e8b465ee728b)
Start importing Assets/Scenes/AssetsShowcases/Character Animations.unity using Guid(b8c7974e5a94ade4386efe06e1cc6233) Importer(815301076,1909f56bfc062723c751e8b465ee728b)  -> (artifact id: 'b42445549ab9d795c1b212a7ed6cf988') in 0.008003 seconds 
  Import took 0.013387 seconds .

========================================================================
Received Import Request.
  Time since last request: 5.667694 seconds.
  path: Assets/Scenes/AssetsShowcases/VFX.unity
  artifactKey: Guid(66e2321e4d3ea8446a85b1e5f75120db) Importer(815301076,1909f56bfc062723c751e8b465ee728b)
Start importing Assets/Scenes/AssetsShowcases/VFX.unity using Guid(66e2321e4d3ea8446a85b1e5f75120db) Importer(815301076,1909f56bfc062723c751e8b465ee728b)  -> (artifact id: 'd5ffb18f4063c89cf6d654f1c608995b') in 0.006924 seconds 
  Import took 0.012809 seconds .

========================================================================
Received Import Request.
  Time since last request: 3.907500 seconds.
  path: Assets/Settings/CustomForwardRendererData.asset
  artifactKey: Guid(01ef2771b975f45e29bd82cba55599e1) Importer(815301076,1909f56bfc062723c751e8b465ee728b)
Start importing Assets/Settings/CustomForwardRendererData.asset using Guid(01ef2771b975f45e29bd82cba55599e1) Importer(815301076,1909f56bfc062723c751e8b465ee728b)  -> (artifact id: '34319c3d55543946b00ac6db8913b26c') in 0.008843 seconds 
  Import took 0.015560 seconds .

========================================================================
Received Import Request.
  Time since last request: 0.000657 seconds.
  path: Assets/Settings/PostFX Profile.asset
  artifactKey: Guid(c59f1e33af7b13f4a8adc480bad5efe4) Importer(815301076,1909f56bfc062723c751e8b465ee728b)
Start importing Assets/Settings/PostFX Profile.asset using Guid(c59f1e33af7b13f4a8adc480bad5efe4) Importer(815301076,1909f56bfc062723c751e8b465ee728b)  -> (artifact id: '894561bf7f503e710394c7d2117511c9') in 0.015104 seconds 
  Import took 0.039803 seconds .

========================================================================
Received Import Request.
  Time since last request: 0.000470 seconds.
  path: Assets/Settings/URPAsset.asset
  artifactKey: Guid(98c892edbed8e457d8984aa3ec9beb03) Importer(815301076,1909f56bfc062723c751e8b465ee728b)
Start importing Assets/Settings/URPAsset.asset using Guid(98c892edbed8e457d8984aa3ec9beb03) Importer(815301076,1909f56bfc062723c751e8b465ee728b)  -> (artifact id: '3589e9de8f660c9aaa385327e51bbb9f') in 0.011836 seconds 
  Import took 0.019017 seconds .

========================================================================
Received Import Request.
  Time since last request: 0.245726 seconds.
  path: Assets/UI/AppIcon.psd
  artifactKey: Guid(0077e4aa67aba452f8876722b282d837) Importer(815301076,1909f56bfc062723c751e8b465ee728b)
Start importing Assets/UI/AppIcon.psd using Guid(0077e4aa67aba452f8876722b282d837) Importer(815301076,1909f56bfc062723c751e8b465ee728b)  -> (artifact id: 'd8080c3ecb920776030d4ea1d9b93d74') in 0.040600 seconds 
  Import took 0.046717 seconds .

========================================================================
Received Import Request.
  Time since last request: 0.000284 seconds.
  path: Assets/UI/AppIconBG432.png
  artifactKey: Guid(a2b220ac5dc504f5a95bb9494736bb3b) Importer(815301076,1909f56bfc062723c751e8b465ee728b)
Start importing Assets/UI/AppIconBG432.png using Guid(a2b220ac5dc504f5a95bb9494736bb3b) Importer(815301076,1909f56bfc062723c751e8b465ee728b)  -> (artifact id: '1884ed8f59b461d8f1ebc0596cd4e278') in 0.039142 seconds 
  Import took 0.043985 seconds .

========================================================================
Received Import Request.
  Time since last request: 0.000445 seconds.
  path: Assets/UI/Splash.psd
  artifactKey: Guid(58ad2265e2b32428db1d78244d66f2c4) Importer(815301076,1909f56bfc062723c751e8b465ee728b)
Start importing Assets/UI/Splash.psd using Guid(58ad2265e2b32428db1d78244d66f2c4) Importer(815301076,1909f56bfc062723c751e8b465ee728b)  -> (artifact id: 'e573d1a0a96fe4511dca59f275c7950b') in 0.047796 seconds 
  Import took 0.053117 seconds .

========================================================================
Received Import Request.
  Time since last request: 0.000218 seconds.
  path: Assets/UI/AppIcon192Round.png
  artifactKey: Guid(0e18f1d39a20f4df0a28db771e800c86) Importer(815301076,1909f56bfc062723c751e8b465ee728b)
Start importing Assets/UI/AppIcon192Round.png using Guid(0e18f1d39a20f4df0a28db771e800c86) Importer(815301076,1909f56bfc062723c751e8b465ee728b)  -> (artifact id: '04aac16a723017bc3403cf55d3ed51e7') in 0.039887 seconds 
  Import took 0.044344 seconds .

========================================================================
Received Import Request.
  Time since last request: 0.000245 seconds.
  path: Assets/UI/AppIconFG432.png
  artifactKey: Guid(9be0734ca61f94f0586c894f252faad7) Importer(815301076,1909f56bfc062723c751e8b465ee728b)
Start importing Assets/UI/AppIconFG432.png using Guid(9be0734ca61f94f0586c894f252faad7) Importer(815301076,1909f56bfc062723c751e8b465ee728b)  -> (artifact id: '7d5b3e126e5718fa74a7ffecd29d5c8c') in 0.035048 seconds 
  Import took 0.039897 seconds .

========================================================================
Received Import Request.
  Time since last request: 0.000271 seconds.
  path: Assets/UI/AppIcon432.png
  artifactKey: Guid(71fba5a63563848faa6cd1ab342a4361) Importer(815301076,1909f56bfc062723c751e8b465ee728b)
Start importing Assets/UI/AppIcon432.png using Guid(71fba5a63563848faa6cd1ab342a4361) Importer(815301076,1909f56bfc062723c751e8b465ee728b)  -> (artifact id: '683c7b4ba25241d5861416257db55894') in 0.029918 seconds 
  Import took 0.034571 seconds .

========================================================================
Received Import Request.
  Time since last request: 2.667435 seconds.
  path: Assets/UI/Elements/icon_dmg.png
  artifactKey: Guid(be426fc39c643480390453ea6c021e66) Importer(815301076,1909f56bfc062723c751e8b465ee728b)
Start importing Assets/UI/Elements/icon_dmg.png using Guid(be426fc39c643480390453ea6c021e66) Importer(815301076,1909f56bfc062723c751e8b465ee728b)  -> (artifact id: 'c34351538a26dee24ad15d30ee6d532b') in 0.016661 seconds 
  Import took 0.021673 seconds .

========================================================================
Received Import Request.
  Time since last request: 0.000303 seconds.
  path: Assets/UI/Elements/ui_card.png
  artifactKey: Guid(7972895bdccdf49ac90d556157a0de1c) Importer(815301076,1909f56bfc062723c751e8b465ee728b)
Start importing Assets/UI/Elements/ui_card.png using Guid(7972895bdccdf49ac90d556157a0de1c) Importer(815301076,1909f56bfc062723c751e8b465ee728b)  -> (artifact id: 'de4e250de0f1de0e04d6c1547065ea43') in 0.038851 seconds 
  Import took 0.043766 seconds .

========================================================================
Received Import Request.
  Time since last request: 0.000246 seconds.
  path: Assets/UI/Elements/ui_health_grayscale.png
  artifactKey: Guid(48a24f809ef4043ce904e20967c3c963) Importer(815301076,1909f56bfc062723c751e8b465ee728b)
Start importing Assets/UI/Elements/ui_health_grayscale.png using Guid(48a24f809ef4043ce904e20967c3c963) Importer(815301076,1909f56bfc062723c751e8b465ee728b)  -> (artifact id: 'e2ed152a3fab212cc2947545ec8d83ef') in 0.032537 seconds 
  Import took 0.037566 seconds .

========================================================================
Received Import Request.
  Time since last request: 0.000257 seconds.
  path: Assets/UI/Elements/ui_health_tube.png
  artifactKey: Guid(ad5a7cd46a9e54c15a009f2203c2967b) Importer(815301076,1909f56bfc062723c751e8b465ee728b)
Start importing Assets/UI/Elements/ui_health_tube.png using Guid(ad5a7cd46a9e54c15a009f2203c2967b) Importer(815301076,1909f56bfc062723c751e8b465ee728b)  -> (artifact id: 'daa01b0e2e95e6b45777dfb224083bda') in 0.019737 seconds 
  Import took 0.024726 seconds .

========================================================================
Received Import Request.
  Time since last request: 0.000271 seconds.
  path: Assets/UI/Elements/ui_stone_slab.png
  artifactKey: Guid(8a344523dd519457d830f1b80b69ea4d) Importer(815301076,1909f56bfc062723c751e8b465ee728b)
Start importing Assets/UI/Elements/ui_stone_slab.png using Guid(8a344523dd519457d830f1b80b69ea4d) Importer(815301076,1909f56bfc062723c751e8b465ee728b)  -> (artifact id: 'a4a57f84dd5be025c333981900f518a0') in 0.077927 seconds 
  Import took 0.082821 seconds .

========================================================================
Received Import Request.
  Time since last request: 0.000269 seconds.
  path: Assets/UI/Elements/ui_card_back.png
  artifactKey: Guid(eba88828bd8384bc080f3f3a41296787) Importer(815301076,1909f56bfc062723c751e8b465ee728b)
Start importing Assets/UI/Elements/ui_card_back.png using Guid(eba88828bd8384bc080f3f3a41296787) Importer(815301076,1909f56bfc062723c751e8b465ee728b)  -> (artifact id: 'b8ebcf72689ec8881f1a1e37005916a1') in 0.019211 seconds 
  Import took 0.024333 seconds .

========================================================================
Received Import Request.
  Time since last request: 0.000454 seconds.
  path: Assets/UI/Elements/ui_stone_slab_tiled.png
  artifactKey: Guid(dad15b7482d474f729869f11cca488e4) Importer(815301076,1909f56bfc062723c751e8b465ee728b)
Start importing Assets/UI/Elements/ui_stone_slab_tiled.png using Guid(dad15b7482d474f729869f11cca488e4) Importer(815301076,1909f56bfc062723c751e8b465ee728b)  -> (artifact id: 'bad685d709af705904c534f658e62619') in 0.020346 seconds 
  Import took 0.026628 seconds .

========================================================================
Received Import Request.
  Time since last request: 0.000342 seconds.
  path: Assets/UI/Elements/ui_card_front.png
  artifactKey: Guid(db03ec25342aa4419870d567b8e458de) Importer(815301076,1909f56bfc062723c751e8b465ee728b)
Start importing Assets/UI/Elements/ui_card_front.png using Guid(db03ec25342aa4419870d567b8e458de) Importer(815301076,1909f56bfc062723c751e8b465ee728b)  -> (artifact id: 'e448c8ef3f735528184faf2eb7a4e519') in 0.021005 seconds 
  Import took 0.027157 seconds .

========================================================================
Received Import Request.
  Time since last request: 0.000269 seconds.
  path: Assets/UI/Elements/ui_logo.png
  artifactKey: Guid(f17e22ec81b5a44379d09c4f5e8924fe) Importer(815301076,1909f56bfc062723c751e8b465ee728b)
Start importing Assets/UI/Elements/ui_logo.png using Guid(f17e22ec81b5a44379d09c4f5e8924fe) Importer(815301076,1909f56bfc062723c751e8b465ee728b)  -> (artifact id: 'd16fb79e1346d266105841783f9d6b6c') in 0.170185 seconds 
  Import took 0.175451 seconds .

========================================================================
Received Import Request.
  Time since last request: 0.000257 seconds.
  path: Assets/UI/Elements/ui_btn.png
  artifactKey: Guid(b5249fbb979b045878a444953ab84565) Importer(815301076,1909f56bfc062723c751e8b465ee728b)
Start importing Assets/UI/Elements/ui_btn.png using Guid(b5249fbb979b045878a444953ab84565) Importer(815301076,1909f56bfc062723c751e8b465ee728b)  -> (artifact id: 'bde2c2dc0bfb3d57645ad9786454bf78') in 0.015025 seconds 
  Import took 0.036404 seconds .

========================================================================
Received Import Request.
  Time since last request: 0.000249 seconds.
  path: Assets/UI/Elements/icon_health.png
  artifactKey: Guid(04aeab86f413d4d3fa3597608a4975b4) Importer(815301076,1909f56bfc062723c751e8b465ee728b)
Start importing Assets/UI/Elements/icon_health.png using Guid(04aeab86f413d4d3fa3597608a4975b4) Importer(815301076,1909f56bfc062723c751e8b465ee728b)  -> (artifact id: 'fb7ba8f6456b3383cc53a9c170a436c8') in 0.017669 seconds 
  Import took 0.022372 seconds .

========================================================================
Received Import Request.
  Time since last request: 0.000293 seconds.
  path: Assets/UI/Elements/ui_cardmask.png
  artifactKey: Guid(b84aca16f64e64629bc5265becd08603) Importer(815301076,1909f56bfc062723c751e8b465ee728b)
Start importing Assets/UI/Elements/ui_cardmask.png using Guid(b84aca16f64e64629bc5265becd08603) Importer(815301076,1909f56bfc062723c751e8b465ee728b)  -> (artifact id: '5a624a7afdb4cd7f94930967fe1f64ad') in 0.013052 seconds 
  Import took 0.018856 seconds .

========================================================================
Received Import Request.
  Time since last request: 0.171569 seconds.
  path: Assets/UI/Fonts/CarterOne.ttf
  artifactKey: Guid(55abc990f74b8491eb2242b70a5ad264) Importer(815301076,1909f56bfc062723c751e8b465ee728b)
Start importing Assets/UI/Fonts/CarterOne.ttf using Guid(55abc990f74b8491eb2242b70a5ad264) Importer(815301076,1909f56bfc062723c751e8b465ee728b)  -> (artifact id: 'fd2bbf2e60f2fd5f881fa17b2dc19b4a') in 0.032715 seconds 
  Import took 0.038519 seconds .

========================================================================
Received Import Request.
  Time since last request: 0.000279 seconds.
  path: Assets/UI/Fonts/LilitaOne-Regular SDF.asset
  artifactKey: Guid(8969f96fd47a74abb82ae8bc57364597) Importer(815301076,1909f56bfc062723c751e8b465ee728b)
Start importing Assets/UI/Fonts/LilitaOne-Regular SDF.asset using Guid(8969f96fd47a74abb82ae8bc57364597) Importer(815301076,1909f56bfc062723c751e8b465ee728b)  -> (artifact id: 'ea179b69af8be3104be3625a139e0f8b') in 0.057919 seconds 
  Import took 0.063733 seconds .

========================================================================
Received Import Request.
  Time since last request: 0.000336 seconds.
  path: Assets/UI/Fonts/PassionOne-Bold.ttf
  artifactKey: Guid(6054f9e5a8bb74e1daf84011e1ab49a1) Importer(815301076,1909f56bfc062723c751e8b465ee728b)
Start importing Assets/UI/Fonts/PassionOne-Bold.ttf using Guid(6054f9e5a8bb74e1daf84011e1ab49a1) Importer(815301076,1909f56bfc062723c751e8b465ee728b)  -> (artifact id: '5c7f21131a6475961f4b8ff92d363331') in 0.028088 seconds 
  Import took 0.034501 seconds .

========================================================================
Received Import Request.
  Time since last request: 0.000287 seconds.
  path: Assets/UI/Fonts/PassionOne-Regular.ttf
  artifactKey: Guid(5ae09df8ea24248238ec751138de8a15) Importer(815301076,1909f56bfc062723c751e8b465ee728b)
Start importing Assets/UI/Fonts/PassionOne-Regular.ttf using Guid(5ae09df8ea24248238ec751138de8a15) Importer(815301076,1909f56bfc062723c751e8b465ee728b)  -> (artifact id: '7248037a9e9719671a1e48eebb5a1d5d') in 0.039639 seconds 
  Import took 0.046978 seconds .

========================================================================
Received Import Request.
  Time since last request: 0.000548 seconds.
  path: Assets/UI/Fonts/LilitaOne-Regular.ttf
  artifactKey: Guid(631d6eefd87fb42edb67943e6e63f758) Importer(815301076,1909f56bfc062723c751e8b465ee728b)
Start importing Assets/UI/Fonts/LilitaOne-Regular.ttf using Guid(631d6eefd87fb42edb67943e6e63f758) Importer(815301076,1909f56bfc062723c751e8b465ee728b)  -> (artifact id: '75732fa5932923c39c740a98b397b708') in 0.020208 seconds 
  Import took 0.027116 seconds .

========================================================================
Received Import Request.
  Time since last request: 6.243725 seconds.
  path: Assets/Scripts/Managers/AudioManager.cs
  artifactKey: Guid(1e9e3b48ff46d4cb09c9917f31d8aaf0) Importer(815301076,1909f56bfc062723c751e8b465ee728b)
Start importing Assets/Scripts/Managers/AudioManager.cs using Guid(1e9e3b48ff46d4cb09c9917f31d8aaf0) Importer(815301076,1909f56bfc062723c751e8b465ee728b)  -> (artifact id: 'a2a9838136f80427966829baef0f767b') in 0.013567 seconds 
  Import took 0.019511 seconds .

========================================================================
Received Import Request.
  Time since last request: 3.609016 seconds.
  path: Assets/Scripts/Managers/CardManager.cs
  artifactKey: Guid(04998e75720e24003b13a720c1946d6c) Importer(815301076,1909f56bfc062723c751e8b465ee728b)
Start importing Assets/Scripts/Managers/CardManager.cs using Guid(04998e75720e24003b13a720c1946d6c) Importer(815301076,1909f56bfc062723c751e8b465ee728b)  -> (artifact id: '8b2f42e3ec601530ecab536e6954f8f1') in 0.006459 seconds 
  Import took 0.011940 seconds .

========================================================================
Received Import Request.
  Time since last request: 0.888827 seconds.
  path: Assets/Scripts/Managers/CinematicsManager.cs
  artifactKey: Guid(86cae0196cc894334a9845a52c984e47) Importer(815301076,1909f56bfc062723c751e8b465ee728b)
Start importing Assets/Scripts/Managers/CinematicsManager.cs using Guid(86cae0196cc894334a9845a52c984e47) Importer(815301076,1909f56bfc062723c751e8b465ee728b)  -> (artifact id: 'ac852955daf2ddaac5d45b8f90dcbf1d') in 0.006547 seconds 
  Import took 0.011467 seconds .

========================================================================
Received Import Request.
  Time since last request: 0.611364 seconds.
  path: Assets/Scripts/Managers/GameManager.cs
  artifactKey: Guid(20af1430e15424d2296b4da109cb70ae) Importer(815301076,1909f56bfc062723c751e8b465ee728b)
Start importing Assets/Scripts/Managers/GameManager.cs using Guid(20af1430e15424d2296b4da109cb70ae) Importer(815301076,1909f56bfc062723c751e8b465ee728b)  -> (artifact id: 'b7f01e288306b3b4f321c9d535fde9d3') in 0.006309 seconds 
  Import took 0.011446 seconds .

========================================================================
Received Import Request.
  Time since last request: 0.348745 seconds.
  path: Assets/Scripts/Managers/InputManager.cs
  artifactKey: Guid(ca76e19b8477c49e1960bc0ad685f981) Importer(815301076,1909f56bfc062723c751e8b465ee728b)
Start importing Assets/Scripts/Managers/InputManager.cs using Guid(ca76e19b8477c49e1960bc0ad685f981) Importer(815301076,1909f56bfc062723c751e8b465ee728b)  -> (artifact id: '48dafcbcacee722cd402227b8409d28b') in 0.005615 seconds 
  Import took 0.011072 seconds .

========================================================================
Received Import Request.
  Time since last request: 3.644973 seconds.
  path: Assets/Scripts/Placeables/Unit.cs
  artifactKey: Guid(e608a1f1ca8e9408c80cecad0677521f) Importer(815301076,1909f56bfc062723c751e8b465ee728b)
Start importing Assets/Scripts/Placeables/Unit.cs using Guid(e608a1f1ca8e9408c80cecad0677521f) Importer(815301076,1909f56bfc062723c751e8b465ee728b)  -> (artifact id: 'ec78dc9fcb83c59486b616f7cf6bd846') in 0.017784 seconds 
  Import took 0.022775 seconds .

========================================================================
Received Import Request.
  Time since last request: 3.190040 seconds.
  path: Assets/Scripts/Placeables/ThinkingPlaceable.cs
  artifactKey: Guid(f3da94194382644c3887d32494821a81) Importer(815301076,1909f56bfc062723c751e8b465ee728b)
Start importing Assets/Scripts/Placeables/ThinkingPlaceable.cs using Guid(f3da94194382644c3887d32494821a81) Importer(815301076,1909f56bfc062723c751e8b465ee728b)  -> (artifact id: '99abf8361f93471fa66ba729ec234a84') in 0.006068 seconds 
  Import took 0.011997 seconds .

========================================================================
Received Import Request.
  Time since last request: 1.308344 seconds.
  path: Assets/Scripts/Placeables/Placeable.cs
  artifactKey: Guid(7c04bd637185c4a1189adee3422a2380) Importer(815301076,1909f56bfc062723c751e8b465ee728b)
Start importing Assets/Scripts/Placeables/Placeable.cs using Guid(7c04bd637185c4a1189adee3422a2380) Importer(815301076,1909f56bfc062723c751e8b465ee728b)  -> (artifact id: '577c7b831041274c8d3dc5dd75f5deef') in 0.006332 seconds 
  Import took 0.011278 seconds .

========================================================================
Received Import Request.
  Time since last request: 0.900939 seconds.
  path: Assets/Scripts/Placeables/Obstacle.cs
  artifactKey: Guid(6a73c922d86364c0380fd288226344a5) Importer(815301076,1909f56bfc062723c751e8b465ee728b)
Start importing Assets/Scripts/Placeables/Obstacle.cs using Guid(6a73c922d86364c0380fd288226344a5) Importer(815301076,1909f56bfc062723c751e8b465ee728b)  -> (artifact id: 'dace4b367db020cac3dcb722753f5e53') in 0.006060 seconds 
  Import took 0.010981 seconds .

========================================================================
Received Import Request.
  Time since last request: 0.956986 seconds.
  path: Assets/Scripts/Placeables/Building.cs
  artifactKey: Guid(90986e7e856564d709980ae88a8b85eb) Importer(815301076,1909f56bfc062723c751e8b465ee728b)
Start importing Assets/Scripts/Placeables/Building.cs using Guid(90986e7e856564d709980ae88a8b85eb) Importer(815301076,1909f56bfc062723c751e8b465ee728b)  -> (artifact id: 'ba81c3289a7784673d415ed9638ed916') in 0.399049 seconds 
  Import took 0.404035 seconds .

========================================================================
Received Import Request.
  Time since last request: 2.694761 seconds.
  path: Assets/Scripts/Timeline/CardPlayerBridge.cs
  artifactKey: Guid(0aacd9f79c5b14d4aa81f1d26f422d6f) Importer(815301076,1909f56bfc062723c751e8b465ee728b)
Start importing Assets/Scripts/Timeline/CardPlayerBridge.cs using Guid(0aacd9f79c5b14d4aa81f1d26f422d6f) Importer(815301076,1909f56bfc062723c751e8b465ee728b)  -> (artifact id: '9ba3393a1adea2308b57594634fa1df0') in 0.005811 seconds 
  Import took 0.010686 seconds .

========================================================================
Received Import Request.
  Time since last request: 0.963937 seconds.
  path: Assets/Scripts/Timeline/CardMarker.cs
  artifactKey: Guid(dd275b9b58f224d24972038f44e92399) Importer(815301076,1909f56bfc062723c751e8b465ee728b)
Start importing Assets/Scripts/Timeline/CardMarker.cs using Guid(dd275b9b58f224d24972038f44e92399) Importer(815301076,1909f56bfc062723c751e8b465ee728b)  -> (artifact id: 'af235e1cc50360b0b5c7bd37300d6fb1') in 0.005956 seconds 
  Import took 0.011133 seconds .

========================================================================
Received Import Request.
  Time since last request: 2.151795 seconds.
  path: Assets/Scripts/UI/Card.cs
  artifactKey: Guid(512c49b4fb99a44b79260077b32c17c4) Importer(815301076,1909f56bfc062723c751e8b465ee728b)
Start importing Assets/Scripts/UI/Card.cs using Guid(512c49b4fb99a44b79260077b32c17c4) Importer(815301076,1909f56bfc062723c751e8b465ee728b)  -> (artifact id: '1cf964ce186ec731c6207bf62ee4cb44') in 0.009673 seconds 
  Import took 0.015673 seconds .

========================================================================
Received Import Request.
  Time since last request: 0.331858 seconds.
  path: Assets/Scripts/UI/HealthBar.cs
  artifactKey: Guid(4e5a55715b9884b088d67f0d1bb44d69) Importer(815301076,1909f56bfc062723c751e8b465ee728b)
Start importing Assets/Scripts/UI/HealthBar.cs using Guid(4e5a55715b9884b088d67f0d1bb44d69) Importer(815301076,1909f56bfc062723c751e8b465ee728b)  -> (artifact id: '3ec13d97d3c86d550d645e37bf466d55') in 0.006970 seconds 
  Import took 0.012460 seconds .

========================================================================
Received Import Request.
  Time since last request: 0.289266 seconds.
  path: Assets/Scripts/UI/UIManager.cs
  artifactKey: Guid(ee9dfff6afe9f473395e43cedfdc0242) Importer(815301076,1909f56bfc062723c751e8b465ee728b)
Start importing Assets/Scripts/UI/UIManager.cs using Guid(ee9dfff6afe9f473395e43cedfdc0242) Importer(815301076,1909f56bfc062723c751e8b465ee728b)  -> (artifact id: 'cf33dbc8a2073d3a1b9eadc06b559c5b') in 0.008928 seconds 
  Import took 0.014505 seconds .

========================================================================
Received Import Request.
  Time since last request: 0.001784 seconds.
  path: Assets/Scripts/UI/UIManager.cs
  artifactKey: Guid(ee9dfff6afe9f473395e43cedfdc0242) Importer(815301076,1909f56bfc062723c751e8b465ee728b)
Start importing Assets/Scripts/UI/UIManager.cs using Guid(ee9dfff6afe9f473395e43cedfdc0242) Importer(815301076,1909f56bfc062723c751e8b465ee728b)  -> (artifact id: 'cf33dbc8a2073d3a1b9eadc06b559c5b') in 0.002723 seconds 
  Import took 0.008451 seconds .

========================================================================
Received Prepare
Registering precompiled user dll's ...
Registered in 0.002024 seconds.
Begin MonoManager ReloadAssembly
Native extension for WindowsStandalone target not found
Refreshing native plugins compatible for Editor in 0.59 ms, found 0 plugins.
Preloading 0 native plugins for Editor in 0.00 ms.
Mono: successfully reloaded assembly
- Completed reload, in  1.445 seconds
Domain Reload Profiling:
	ReloadAssembly (1446ms)
		BeginReloadAssembly (125ms)
			ExecutionOrderSort (0ms)
			DisableScriptedObjects (7ms)
			BackupInstance (0ms)
			ReleaseScriptingObjects (0ms)
			CreateAndSetChildDomain (30ms)
		EndReloadAssembly (1255ms)
			LoadAssemblies (88ms)
			RebuildTransferFunctionScriptingTraits (0ms)
			SetupTypeCache (223ms)
			ReleaseScriptCaches (1ms)
			RebuildScriptCaches (39ms)
			SetupLoadedEditorAssemblies (210ms)
				LogAssemblyErrors (0ms)
				InitializePlatformSupportModulesInManaged (4ms)
				SetLoadedEditorAssemblies (0ms)
				RefreshPlugins (1ms)
				BeforeProcessingInitializeOnLoad (97ms)
				ProcessInitializeOnLoadAttributes (90ms)
				ProcessInitializeOnLoadMethodAttributes (9ms)
				AfterProcessingInitializeOnLoad (9ms)
				EditorAssembliesLoaded (0ms)
			ExecutionOrderSort2 (0ms)
			AwakeInstancesAfterBackupRestoration (46ms)
Platform modules already initialized, skipping
Shader 'Universal Render Pipeline/Particles/Lit': fallback shader 'Universal Render Pipeline/Particles/SimpleLit' not found
Refreshing native plugins compatible for Editor in 0.61 ms, found 0 plugins.
Preloading 0 native plugins for Editor in 0.00 ms.
Unloading 2858 Unused Serialized files (Serialized files now loaded: 0)
System memory in use before: 134.4 MB.
System memory in use after: 134.7 MB.

Unloading 8 unused Assets to reduce memory usage. Loaded Objects now: 3873.
Total: 2.424700 ms (FindLiveObjects: 0.396100 ms CreateObjectMapping: 0.082100 ms MarkObjects: 1.929700 ms  DeleteObjects: 0.015600 ms)

AssetImportParameters requested are different than current active one (requested -> active):
  custom:framework-win-MediaFoundation: 216162199b28c13a410421893ffa2e32 -> 
  custom:video-decoder-ogg-theora: a1e56fd34408186e4bbccfd4996cb3dc -> 
  custom:container-muxer-webm: aa71ff27fc2769a1b78a27578f13a17b -> 
  custom:container-demuxer-webm: 4f35f7cbe854078d1ac9338744f61a02 -> 
  custom:container-demuxer-ogg: 62fdf1f143b41e24485cea50d1cbac27 -> 
  custom:video-encoder-webm-vp8: eb34c28f22e8b96e1ab97ce403110664 -> 
  custom:video-decoder-webm-vp8: 9c59270c3fd7afecdb556c50c9e8de78 -> 
  custom:audio-decoder-ogg-vorbis: bf7c407c2cedff20999df2af8eb42d56 -> 
  custom:audio-encoder-webm-vorbis: bf7c407c2cedff20999df2af8eb42d56 -> 
========================================================================
Received Prepare
Registering precompiled user dll's ...
Registered in 0.001882 seconds.
Begin MonoManager ReloadAssembly
Native extension for WindowsStandalone target not found
Refreshing native plugins compatible for Editor in 0.53 ms, found 0 plugins.
Preloading 0 native plugins for Editor in 0.00 ms.
Mono: successfully reloaded assembly
- Completed reload, in  1.343 seconds
Domain Reload Profiling:
	ReloadAssembly (1343ms)
		BeginReloadAssembly (103ms)
			ExecutionOrderSort (0ms)
			DisableScriptedObjects (5ms)
			BackupInstance (0ms)
			ReleaseScriptingObjects (0ms)
			CreateAndSetChildDomain (25ms)
		EndReloadAssembly (1184ms)
			LoadAssemblies (79ms)
			RebuildTransferFunctionScriptingTraits (0ms)
			SetupTypeCache (198ms)
			ReleaseScriptCaches (1ms)
			RebuildScriptCaches (35ms)
			SetupLoadedEditorAssemblies (189ms)
				LogAssemblyErrors (0ms)
				InitializePlatformSupportModulesInManaged (3ms)
				SetLoadedEditorAssemblies (0ms)
				RefreshPlugins (1ms)
				BeforeProcessingInitializeOnLoad (89ms)
				ProcessInitializeOnLoadAttributes (79ms)
				ProcessInitializeOnLoadMethodAttributes (8ms)
				AfterProcessingInitializeOnLoad (9ms)
				EditorAssembliesLoaded (0ms)
			ExecutionOrderSort2 (0ms)
			AwakeInstancesAfterBackupRestoration (44ms)
Platform modules already initialized, skipping
Shader 'Universal Render Pipeline/Particles/Lit': fallback shader 'Universal Render Pipeline/Particles/SimpleLit' not found
Refreshing native plugins compatible for Editor in 0.52 ms, found 0 plugins.
Preloading 0 native plugins for Editor in 0.00 ms.
Unloading 2856 Unused Serialized files (Serialized files now loaded: 0)
System memory in use before: 134.4 MB.
System memory in use after: 134.7 MB.

Unloading 8 unused Assets to reduce memory usage. Loaded Objects now: 3876.
Total: 2.658100 ms (FindLiveObjects: 0.358200 ms CreateObjectMapping: 0.094200 ms MarkObjects: 2.187000 ms  DeleteObjects: 0.017600 ms)

AssetImportParameters requested are different than current active one (requested -> active):
  custom:framework-win-MediaFoundation: 216162199b28c13a410421893ffa2e32 -> 
  custom:video-decoder-ogg-theora: a1e56fd34408186e4bbccfd4996cb3dc -> 
  custom:container-muxer-webm: aa71ff27fc2769a1b78a27578f13a17b -> 
  custom:container-demuxer-webm: 4f35f7cbe854078d1ac9338744f61a02 -> 
  custom:container-demuxer-ogg: 62fdf1f143b41e24485cea50d1cbac27 -> 
  custom:video-encoder-webm-vp8: eb34c28f22e8b96e1ab97ce403110664 -> 
  custom:video-decoder-webm-vp8: 9c59270c3fd7afecdb556c50c9e8de78 -> 
  custom:audio-decoder-ogg-vorbis: bf7c407c2cedff20999df2af8eb42d56 -> 
  custom:audio-encoder-webm-vorbis: bf7c407c2cedff20999df2af8eb42d56 -> 
AssetImportWorkerClient::OnTransportError - code=2 error=End of file
